2020-06-26T11:46:52.117Z - info: Website generation (lazy) started at 7:46:52 PM
2020-06-26T11:46:52.166Z - info: Building assets...
2020-06-26T11:46:52.179Z - info: Assets built
2020-06-26T11:46:52.180Z - info: Generating landing page...
2020-06-26T11:46:52.251Z - info: Landing page built, other pages will be built as you navigate to them!
2020-06-26T11:46:52.273Z - info: Website generation (lazy) complete! Total build time: 0.162s
2020-06-26T11:46:52.311Z - info: Serving "C:\Users\ZeYu\Desktop\markbind\src\template\default\_site" at http://127.0.0.1:8080
2020-06-26T11:46:52.312Z - info: Press CTRL+C to stop ...
2020-06-26T11:46:52.316Z - info: Site data built
2020-06-26T11:47:18.240Z - info: Website generation (lazy) started at 7:47:18 PM
2020-06-26T11:47:18.287Z - info: Building assets...
2020-06-26T11:47:18.301Z - info: Assets built
2020-06-26T11:47:18.301Z - info: Generating landing page...
2020-06-26T11:47:18.376Z - info: Landing page built, other pages will be built as you navigate to them!
2020-06-26T11:47:18.404Z - info: Website generation (lazy) complete! Total build time: 0.178s
2020-06-26T11:47:18.447Z - info: Serving "C:\Users\ZeYu\Desktop\markbind\src\template\default\_site" at http://127.0.0.1:8080
2020-06-26T11:47:18.447Z - info: Press CTRL+C to stop ...
2020-06-26T11:47:18.452Z - info: Site data built
2020-06-26T11:48:15.450Z - info: Website generation (lazy) started at 7:48:15 PM
2020-06-26T11:48:15.497Z - info: Building assets...
2020-06-26T11:48:15.511Z - info: Assets built
2020-06-26T11:48:15.511Z - info: Generating landing page...
2020-06-26T11:48:15.586Z - info: Landing page built, other pages will be built as you navigate to them!
2020-06-26T11:48:15.611Z - info: Website generation (lazy) complete! Total build time: 0.173s
2020-06-26T11:48:15.650Z - info: Serving "C:\Users\ZeYu\Desktop\markbind\src\template\default\_site" at http://127.0.0.1:8080
2020-06-26T11:48:15.651Z - info: Press CTRL+C to stop ...
2020-06-26T11:48:15.656Z - info: Site data built
2020-06-26T11:50:14.789Z - info: Website generation (lazy) started at 7:50:14 PM
2020-06-26T11:50:14.836Z - info: Building assets...
2020-06-26T11:50:14.850Z - info: Assets built
2020-06-26T11:50:14.850Z - info: Generating landing page...
2020-06-26T11:50:14.922Z - info: Landing page built, other pages will be built as you navigate to them!
2020-06-26T11:50:14.943Z - info: Website generation (lazy) complete! Total build time: 0.167s
2020-06-26T11:50:14.981Z - info: Serving "C:\Users\ZeYu\Desktop\markbind\src\template\default\_site" at http://127.0.0.1:8080
2020-06-26T11:50:14.981Z - info: Press CTRL+C to stop ...
2020-06-26T11:50:14.986Z - info: Site data built
2020-06-26T11:50:48.188Z - info: Website generation (lazy) started at 7:50:48 PM
2020-06-26T11:50:48.235Z - info: Building assets...
2020-06-26T11:50:48.247Z - info: Assets built
2020-06-26T11:50:48.248Z - info: Generating landing page...
2020-06-26T11:50:48.320Z - info: Landing page built, other pages will be built as you navigate to them!
2020-06-26T11:50:48.343Z - info: Website generation (lazy) complete! Total build time: 0.167s
2020-06-26T11:50:48.386Z - info: Serving "C:\Users\ZeYu\Desktop\markbind\src\template\default\_site" at http://127.0.0.1:8080
2020-06-26T11:50:48.387Z - info: Press CTRL+C to stop ...
2020-06-26T11:50:48.392Z - info: Site data built
2020-06-26T11:51:14.322Z - info: Website generation (lazy) started at 7:51:14 PM
2020-06-26T11:51:14.369Z - info: Building assets...
2020-06-26T11:51:14.382Z - info: Assets built
2020-06-26T11:51:14.382Z - info: Generating landing page...
2020-06-26T11:51:14.456Z - info: Landing page built, other pages will be built as you navigate to them!
2020-06-26T11:51:14.478Z - info: Website generation (lazy) complete! Total build time: 0.17s
2020-06-26T11:51:14.517Z - info: Serving "C:\Users\ZeYu\Desktop\markbind\src\template\default\_site" at http://127.0.0.1:8080
2020-06-26T11:51:14.517Z - info: Press CTRL+C to stop ...
2020-06-26T11:51:14.522Z - info: Site data built
2020-06-26T11:51:52.201Z - info: Website generation (lazy) started at 7:51:52 PM
2020-06-26T11:51:52.252Z - info: Building assets...
2020-06-26T11:51:52.265Z - info: Assets built
2020-06-26T11:51:52.266Z - info: Generating landing page...
2020-06-26T11:51:52.303Z - warn:  SyntaxError: Unmatched selector: ="dark" class="temp-navbar">
    <a slot="brand" href="/index.html" title="Home" class="navbar-brand">Your Logo</a>
    <li><a href="/contents/topic1.html" class="nav-link">Topic 1</a></li>
    <li><a href="/contents/topic2.html" class="nav-link">Topic 2</a></li>
    <div class="nav-link temp-dropdown-placeholder">Topic 3</div><dropdown header="Topic 3" class="nav-link temp-dropdown">
      <li><a href="/contents/topic3a.html" class="dropdown-item">Topic 3a</a></li>
      <li><a href="/contents/topic3b.html" class="dropdown-item">Topic 3b</a></li>
    </dropdown>
    <li slot="right">
      <form class="navbar-form">
        <searchbar :data="searchData" placeholder="Search" :on-hit="searchCallback" menu-align-right=""></searchbar>
      </form>
    </li>
  </navbar>
</header>

<nav id="site-nav" class="navbar navbar-light bg-transparent">
<div class="border-right-grey nav-inner position-sticky slim-scroll">
<ul class="site-nav-list site-nav-list-root">
<li><div class="site-nav-default-list-item site-nav-list-item-0" onclick="handleSiteNavClick(this)"><a href="/index.html" class="current">Home 🏠</a></div></li>
<li><div class="site-nav-default-list-item site-nav-list-item-0" onclick="handleSiteNavClick(this)"><a href="/contents/topic1.html">Topic 1</a></div></li>
<li><div class="site-nav-default-list-item site-nav-list-item-0" onclick="handleSiteNavClick(this)"><a href="/contents/topic2.html">Topic 2</a></div></li>
<li><div class="site-nav-default-list-item site-nav-list-item-0" onclick="handleSiteNavClick(this)">Topic 3 

<i class="site-nav-dropdown-btn-icon site-nav-rotate-icon" onclick="handleSiteNavClick(this.parentNode, false); event.stopPropagation();">
<span class="glyphicon glyphicon-menu-down" aria-hidden="true"></span>
</i></div><ul class="site-nav-dropdown-container site-nav-dropdown-container-open site-nav-list">
<li><div class="site-nav-default-list-item site-nav-list-item-1" onclick="handleSiteNavClick(this)"><a href="/contents/topic3a.html">Topic 3a</a></div></li>
<li><div class="site-nav-default-list-item site-nav-list-item-1" onclick="handleSiteNavClick(this)"><a href="/contents/topic3b.html">Topic 3b</a></div></li>
</ul></li>
</ul>

</div>
</nav>
<div id="content-wrapper">



\<hello\ cwf="C:\Users\ZeYu\Desktop\markbind\src\template\default\index.md">
</hello\>
</div>
<footer>
  <!-- Support MarkBind by including a link to us on your landing page! -->
  <div class="text-center">
    <small>[Generated by <a href="https://markbind.org/">MarkBind 2.14.1</a>]</small>
  </div>
</footer>

    at parse (C:\Users\ZeYu\Desktop\markbind\node_modules\css-what\index.js:85:9)
    at compileUnsafe (C:\Users\ZeYu\Desktop\markbind\node_modules\css-select\lib\compile.js:31:14)
    at select (C:\Users\ZeYu\Desktop\markbind\node_modules\css-select\index.js:18:49)
    at CSSselect (C:\Users\ZeYu\Desktop\markbind\node_modules\css-select\index.js:41:9)
    at render (C:\Users\ZeYu\Desktop\markbind\node_modules\cheerio\lib\static.js:67:11)
    at Function.exports.html (C:\Users\ZeYu\Desktop\markbind\node_modules\cheerio\lib\static.js:94:10)
    at Parser.render (C:\Users\ZeYu\Desktop\markbind\src\lib\markbind\src\parser.js:216:25)
    at C:\Users\ZeYu\Desktop\markbind\src\Page.js:978:34
    at tryCatcher (C:\Users\ZeYu\Desktop\markbind\node_modules\bluebird\js\release\util.js:16:23)
    at Promise._settlePromiseFromHandler (C:\Users\ZeYu\Desktop\markbind\node_modules\bluebird\js\release\promise.js:547:31)
    at Promise._settlePromise (C:\Users\ZeYu\Desktop\markbind\node_modules\bluebird\js\release\promise.js:604:18)
    at Promise._settlePromise0 (C:\Users\ZeYu\Desktop\markbind\node_modules\bluebird\js\release\promise.js:649:10)
    at Promise._settlePromises (C:\Users\ZeYu\Desktop\markbind\node_modules\bluebird\js\release\promise.js:729:18)
    at Promise._fulfill (C:\Users\ZeYu\Desktop\markbind\node_modules\bluebird\js\release\promise.js:673:18)
    at Promise._resolveCallback (C:\Users\ZeYu\Desktop\markbind\node_modules\bluebird\js\release\promise.js:466:57)
    at Promise._settlePromiseFromHandler (C:\Users\ZeYu\Desktop\markbind\node_modules\bluebird\js\release\promise.js:559:17)
2020-06-26T11:51:52.307Z - warn:  SyntaxError: Unmatched selector: ="dark" class="temp-navbar">
    <a slot="brand" href="/index.html" title="Home" class="navbar-brand">Your Logo</a>
    <li><a href="/contents/topic1.html" class="nav-link">Topic 1</a></li>
    <li><a href="/contents/topic2.html" class="nav-link">Topic 2</a></li>
    <div class="nav-link temp-dropdown-placeholder">Topic 3</div><dropdown header="Topic 3" class="nav-link temp-dropdown">
      <li><a href="/contents/topic3a.html" class="dropdown-item">Topic 3a</a></li>
      <li><a href="/contents/topic3b.html" class="dropdown-item">Topic 3b</a></li>
    </dropdown>
    <li slot="right">
      <form class="navbar-form">
        <searchbar :data="searchData" placeholder="Search" :on-hit="searchCallback" menu-align-right=""></searchbar>
      </form>
    </li>
  </navbar>
</header>

<nav id="site-nav" class="navbar navbar-light bg-transparent">
<div class="border-right-grey nav-inner position-sticky slim-scroll">
<ul class="site-nav-list site-nav-list-root">
<li><div class="site-nav-default-list-item site-nav-list-item-0" onclick="handleSiteNavClick(this)"><a href="/index.html" class="current">Home 🏠</a></div></li>
<li><div class="site-nav-default-list-item site-nav-list-item-0" onclick="handleSiteNavClick(this)"><a href="/contents/topic1.html">Topic 1</a></div></li>
<li><div class="site-nav-default-list-item site-nav-list-item-0" onclick="handleSiteNavClick(this)"><a href="/contents/topic2.html">Topic 2</a></div></li>
<li><div class="site-nav-default-list-item site-nav-list-item-0" onclick="handleSiteNavClick(this)">Topic 3 

<i class="site-nav-dropdown-btn-icon site-nav-rotate-icon" onclick="handleSiteNavClick(this.parentNode, false); event.stopPropagation();">
<span class="glyphicon glyphicon-menu-down" aria-hidden="true"></span>
</i></div><ul class="site-nav-dropdown-container site-nav-dropdown-container-open site-nav-list">
<li><div class="site-nav-default-list-item site-nav-list-item-1" onclick="handleSiteNavClick(this)"><a href="/contents/topic3a.html">Topic 3a</a></div></li>
<li><div class="site-nav-default-list-item site-nav-list-item-1" onclick="handleSiteNavClick(this)"><a href="/contents/topic3b.html">Topic 3b</a></div></li>
</ul></li>
</ul>

</div>
</nav>
<div id="content-wrapper">



\<hello\ cwf="C:\Users\ZeYu\Desktop\markbind\src\template\default\index.md">
</hello\>
</div>
<footer>
  <!-- Support MarkBind by including a link to us on your landing page! -->
  <div class="text-center">
    <small>[Generated by <a href="https://markbind.org/">MarkBind 2.14.1</a>]</small>
  </div>
</footer>

    at parse (C:\Users\ZeYu\Desktop\markbind\node_modules\css-what\index.js:85:9)
    at compileUnsafe (C:\Users\ZeYu\Desktop\markbind\node_modules\css-select\lib\compile.js:31:14)
    at select (C:\Users\ZeYu\Desktop\markbind\node_modules\css-select\index.js:18:49)
    at CSSselect (C:\Users\ZeYu\Desktop\markbind\node_modules\css-select\index.js:41:9)
    at render (C:\Users\ZeYu\Desktop\markbind\node_modules\cheerio\lib\static.js:67:11)
    at Function.exports.html (C:\Users\ZeYu\Desktop\markbind\node_modules\cheerio\lib\static.js:94:10)
    at Parser.render (C:\Users\ZeYu\Desktop\markbind\src\lib\markbind\src\parser.js:216:25)
    at C:\Users\ZeYu\Desktop\markbind\src\Page.js:978:34
    at tryCatcher (C:\Users\ZeYu\Desktop\markbind\node_modules\bluebird\js\release\util.js:16:23)
    at Promise._settlePromiseFromHandler (C:\Users\ZeYu\Desktop\markbind\node_modules\bluebird\js\release\promise.js:547:31)
    at Promise._settlePromise (C:\Users\ZeYu\Desktop\markbind\node_modules\bluebird\js\release\promise.js:604:18)
    at Promise._settlePromise0 (C:\Users\ZeYu\Desktop\markbind\node_modules\bluebird\js\release\promise.js:649:10)
    at Promise._settlePromises (C:\Users\ZeYu\Desktop\markbind\node_modules\bluebird\js\release\promise.js:729:18)
    at Promise._fulfill (C:\Users\ZeYu\Desktop\markbind\node_modules\bluebird\js\release\promise.js:673:18)
    at Promise._resolveCallback (C:\Users\ZeYu\Desktop\markbind\node_modules\bluebird\js\release\promise.js:466:57)
    at Promise._settlePromiseFromHandler (C:\Users\ZeYu\Desktop\markbind\node_modules\bluebird\js\release\promise.js:559:17)
2020-06-26T11:51:52.308Z - error: Unmatched selector: ="dark" class="temp-navbar">
    <a slot="brand" href="/index.html" title="Home" class="navbar-brand">Your Logo</a>
    <li><a href="/contents/topic1.html" class="nav-link">Topic 1</a></li>
    <li><a href="/contents/topic2.html" class="nav-link">Topic 2</a></li>
    <div class="nav-link temp-dropdown-placeholder">Topic 3</div><dropdown header="Topic 3" class="nav-link temp-dropdown">
      <li><a href="/contents/topic3a.html" class="dropdown-item">Topic 3a</a></li>
      <li><a href="/contents/topic3b.html" class="dropdown-item">Topic 3b</a></li>
    </dropdown>
    <li slot="right">
      <form class="navbar-form">
        <searchbar :data="searchData" placeholder="Search" :on-hit="searchCallback" menu-align-right=""></searchbar>
      </form>
    </li>
  </navbar>
</header>

<nav id="site-nav" class="navbar navbar-light bg-transparent">
<div class="border-right-grey nav-inner position-sticky slim-scroll">
<ul class="site-nav-list site-nav-list-root">
<li><div class="site-nav-default-list-item site-nav-list-item-0" onclick="handleSiteNavClick(this)"><a href="/index.html" class="current">Home 🏠</a></div></li>
<li><div class="site-nav-default-list-item site-nav-list-item-0" onclick="handleSiteNavClick(this)"><a href="/contents/topic1.html">Topic 1</a></div></li>
<li><div class="site-nav-default-list-item site-nav-list-item-0" onclick="handleSiteNavClick(this)"><a href="/contents/topic2.html">Topic 2</a></div></li>
<li><div class="site-nav-default-list-item site-nav-list-item-0" onclick="handleSiteNavClick(this)">Topic 3 

<i class="site-nav-dropdown-btn-icon site-nav-rotate-icon" onclick="handleSiteNavClick(this.parentNode, false); event.stopPropagation();">
<span class="glyphicon glyphicon-menu-down" aria-hidden="true"></span>
</i></div><ul class="site-nav-dropdown-container site-nav-dropdown-container-open site-nav-list">
<li><div class="site-nav-default-list-item site-nav-list-item-1" onclick="handleSiteNavClick(this)"><a href="/contents/topic3a.html">Topic 3a</a></div></li>
<li><div class="site-nav-default-list-item site-nav-list-item-1" onclick="handleSiteNavClick(this)"><a href="/contents/topic3b.html">Topic 3b</a></div></li>
</ul></li>
</ul>

</div>
</nav>
<div id="content-wrapper">



\<hello\ cwf="C:\Users\ZeYu\Desktop\markbind\src\template\default\index.md">
</hello\>
</div>
<footer>
  <!-- Support MarkBind by including a link to us on your landing page! -->
  <div class="text-center">
    <small>[Generated by <a href="https://markbind.org/">MarkBind 2.14.1</a>]</small>
  </div>
</footer>

2020-06-26T11:51:58.588Z - info: Website generation (lazy) started at 7:51:58 PM
2020-06-26T11:51:58.634Z - info: Building assets...
2020-06-26T11:51:58.648Z - info: Assets built
2020-06-26T11:51:58.648Z - info: Generating landing page...
2020-06-26T11:51:58.685Z - warn:  SyntaxError: Unmatched selector: ="dark" class="temp-navbar">
    <a slot="brand" href="/index.html" title="Home" class="navbar-brand">Your Logo</a>
    <li><a href="/contents/topic1.html" class="nav-link">Topic 1</a></li>
    <li><a href="/contents/topic2.html" class="nav-link">Topic 2</a></li>
    <div class="nav-link temp-dropdown-placeholder">Topic 3</div><dropdown header="Topic 3" class="nav-link temp-dropdown">
      <li><a href="/contents/topic3a.html" class="dropdown-item">Topic 3a</a></li>
      <li><a href="/contents/topic3b.html" class="dropdown-item">Topic 3b</a></li>
    </dropdown>
    <li slot="right">
      <form class="navbar-form">
        <searchbar :data="searchData" placeholder="Search" :on-hit="searchCallback" menu-align-right=""></searchbar>
      </form>
    </li>
  </navbar>
</header>

<nav id="site-nav" class="navbar navbar-light bg-transparent">
<div class="border-right-grey nav-inner position-sticky slim-scroll">
<ul class="site-nav-list site-nav-list-root">
<li><div class="site-nav-default-list-item site-nav-list-item-0" onclick="handleSiteNavClick(this)"><a href="/index.html" class="current">Home 🏠</a></div></li>
<li><div class="site-nav-default-list-item site-nav-list-item-0" onclick="handleSiteNavClick(this)"><a href="/contents/topic1.html">Topic 1</a></div></li>
<li><div class="site-nav-default-list-item site-nav-list-item-0" onclick="handleSiteNavClick(this)"><a href="/contents/topic2.html">Topic 2</a></div></li>
<li><div class="site-nav-default-list-item site-nav-list-item-0" onclick="handleSiteNavClick(this)">Topic 3 

<i class="site-nav-dropdown-btn-icon site-nav-rotate-icon" onclick="handleSiteNavClick(this.parentNode, false); event.stopPropagation();">
<span class="glyphicon glyphicon-menu-down" aria-hidden="true"></span>
</i></div><ul class="site-nav-dropdown-container site-nav-dropdown-container-open site-nav-list">
<li><div class="site-nav-default-list-item site-nav-list-item-1" onclick="handleSiteNavClick(this)"><a href="/contents/topic3a.html">Topic 3a</a></div></li>
<li><div class="site-nav-default-list-item site-nav-list-item-1" onclick="handleSiteNavClick(this)"><a href="/contents/topic3b.html">Topic 3b</a></div></li>
</ul></li>
</ul>

</div>
</nav>
<div id="content-wrapper">



\<hello\ cwf="C:\Users\ZeYu\Desktop\markbind\src\template\default\index.md">
</hello\>
</div>
<footer>
  <!-- Support MarkBind by including a link to us on your landing page! -->
  <div class="text-center">
    <small>[Generated by <a href="https://markbind.org/">MarkBind 2.14.1</a>]</small>
  </div>
</footer>

    at parse (C:\Users\ZeYu\Desktop\markbind\node_modules\css-what\index.js:85:9)
    at compileUnsafe (C:\Users\ZeYu\Desktop\markbind\node_modules\css-select\lib\compile.js:31:14)
    at select (C:\Users\ZeYu\Desktop\markbind\node_modules\css-select\index.js:18:49)
    at CSSselect (C:\Users\ZeYu\Desktop\markbind\node_modules\css-select\index.js:41:9)
    at render (C:\Users\ZeYu\Desktop\markbind\node_modules\cheerio\lib\static.js:67:11)
    at Function.exports.html (C:\Users\ZeYu\Desktop\markbind\node_modules\cheerio\lib\static.js:94:10)
    at Parser.render (C:\Users\ZeYu\Desktop\markbind\src\lib\markbind\src\parser.js:216:25)
    at C:\Users\ZeYu\Desktop\markbind\src\Page.js:978:34
    at tryCatcher (C:\Users\ZeYu\Desktop\markbind\node_modules\bluebird\js\release\util.js:16:23)
    at Promise._settlePromiseFromHandler (C:\Users\ZeYu\Desktop\markbind\node_modules\bluebird\js\release\promise.js:547:31)
    at Promise._settlePromise (C:\Users\ZeYu\Desktop\markbind\node_modules\bluebird\js\release\promise.js:604:18)
    at Promise._settlePromise0 (C:\Users\ZeYu\Desktop\markbind\node_modules\bluebird\js\release\promise.js:649:10)
    at Promise._settlePromises (C:\Users\ZeYu\Desktop\markbind\node_modules\bluebird\js\release\promise.js:729:18)
    at Promise._fulfill (C:\Users\ZeYu\Desktop\markbind\node_modules\bluebird\js\release\promise.js:673:18)
    at Promise._resolveCallback (C:\Users\ZeYu\Desktop\markbind\node_modules\bluebird\js\release\promise.js:466:57)
    at Promise._settlePromiseFromHandler (C:\Users\ZeYu\Desktop\markbind\node_modules\bluebird\js\release\promise.js:559:17)
2020-06-26T11:51:58.689Z - warn:  SyntaxError: Unmatched selector: ="dark" class="temp-navbar">
    <a slot="brand" href="/index.html" title="Home" class="navbar-brand">Your Logo</a>
    <li><a href="/contents/topic1.html" class="nav-link">Topic 1</a></li>
    <li><a href="/contents/topic2.html" class="nav-link">Topic 2</a></li>
    <div class="nav-link temp-dropdown-placeholder">Topic 3</div><dropdown header="Topic 3" class="nav-link temp-dropdown">
      <li><a href="/contents/topic3a.html" class="dropdown-item">Topic 3a</a></li>
      <li><a href="/contents/topic3b.html" class="dropdown-item">Topic 3b</a></li>
    </dropdown>
    <li slot="right">
      <form class="navbar-form">
        <searchbar :data="searchData" placeholder="Search" :on-hit="searchCallback" menu-align-right=""></searchbar>
      </form>
    </li>
  </navbar>
</header>

<nav id="site-nav" class="navbar navbar-light bg-transparent">
<div class="border-right-grey nav-inner position-sticky slim-scroll">
<ul class="site-nav-list site-nav-list-root">
<li><div class="site-nav-default-list-item site-nav-list-item-0" onclick="handleSiteNavClick(this)"><a href="/index.html" class="current">Home 🏠</a></div></li>
<li><div class="site-nav-default-list-item site-nav-list-item-0" onclick="handleSiteNavClick(this)"><a href="/contents/topic1.html">Topic 1</a></div></li>
<li><div class="site-nav-default-list-item site-nav-list-item-0" onclick="handleSiteNavClick(this)"><a href="/contents/topic2.html">Topic 2</a></div></li>
<li><div class="site-nav-default-list-item site-nav-list-item-0" onclick="handleSiteNavClick(this)">Topic 3 

<i class="site-nav-dropdown-btn-icon site-nav-rotate-icon" onclick="handleSiteNavClick(this.parentNode, false); event.stopPropagation();">
<span class="glyphicon glyphicon-menu-down" aria-hidden="true"></span>
</i></div><ul class="site-nav-dropdown-container site-nav-dropdown-container-open site-nav-list">
<li><div class="site-nav-default-list-item site-nav-list-item-1" onclick="handleSiteNavClick(this)"><a href="/contents/topic3a.html">Topic 3a</a></div></li>
<li><div class="site-nav-default-list-item site-nav-list-item-1" onclick="handleSiteNavClick(this)"><a href="/contents/topic3b.html">Topic 3b</a></div></li>
</ul></li>
</ul>

</div>
</nav>
<div id="content-wrapper">



\<hello\ cwf="C:\Users\ZeYu\Desktop\markbind\src\template\default\index.md">
</hello\>
</div>
<footer>
  <!-- Support MarkBind by including a link to us on your landing page! -->
  <div class="text-center">
    <small>[Generated by <a href="https://markbind.org/">MarkBind 2.14.1</a>]</small>
  </div>
</footer>

    at parse (C:\Users\ZeYu\Desktop\markbind\node_modules\css-what\index.js:85:9)
    at compileUnsafe (C:\Users\ZeYu\Desktop\markbind\node_modules\css-select\lib\compile.js:31:14)
    at select (C:\Users\ZeYu\Desktop\markbind\node_modules\css-select\index.js:18:49)
    at CSSselect (C:\Users\ZeYu\Desktop\markbind\node_modules\css-select\index.js:41:9)
    at render (C:\Users\ZeYu\Desktop\markbind\node_modules\cheerio\lib\static.js:67:11)
    at Function.exports.html (C:\Users\ZeYu\Desktop\markbind\node_modules\cheerio\lib\static.js:94:10)
    at Parser.render (C:\Users\ZeYu\Desktop\markbind\src\lib\markbind\src\parser.js:216:25)
    at C:\Users\ZeYu\Desktop\markbind\src\Page.js:978:34
    at tryCatcher (C:\Users\ZeYu\Desktop\markbind\node_modules\bluebird\js\release\util.js:16:23)
    at Promise._settlePromiseFromHandler (C:\Users\ZeYu\Desktop\markbind\node_modules\bluebird\js\release\promise.js:547:31)
    at Promise._settlePromise (C:\Users\ZeYu\Desktop\markbind\node_modules\bluebird\js\release\promise.js:604:18)
    at Promise._settlePromise0 (C:\Users\ZeYu\Desktop\markbind\node_modules\bluebird\js\release\promise.js:649:10)
    at Promise._settlePromises (C:\Users\ZeYu\Desktop\markbind\node_modules\bluebird\js\release\promise.js:729:18)
    at Promise._fulfill (C:\Users\ZeYu\Desktop\markbind\node_modules\bluebird\js\release\promise.js:673:18)
    at Promise._resolveCallback (C:\Users\ZeYu\Desktop\markbind\node_modules\bluebird\js\release\promise.js:466:57)
    at Promise._settlePromiseFromHandler (C:\Users\ZeYu\Desktop\markbind\node_modules\bluebird\js\release\promise.js:559:17)
2020-06-26T11:51:58.690Z - error: Unmatched selector: ="dark" class="temp-navbar">
    <a slot="brand" href="/index.html" title="Home" class="navbar-brand">Your Logo</a>
    <li><a href="/contents/topic1.html" class="nav-link">Topic 1</a></li>
    <li><a href="/contents/topic2.html" class="nav-link">Topic 2</a></li>
    <div class="nav-link temp-dropdown-placeholder">Topic 3</div><dropdown header="Topic 3" class="nav-link temp-dropdown">
      <li><a href="/contents/topic3a.html" class="dropdown-item">Topic 3a</a></li>
      <li><a href="/contents/topic3b.html" class="dropdown-item">Topic 3b</a></li>
    </dropdown>
    <li slot="right">
      <form class="navbar-form">
        <searchbar :data="searchData" placeholder="Search" :on-hit="searchCallback" menu-align-right=""></searchbar>
      </form>
    </li>
  </navbar>
</header>

<nav id="site-nav" class="navbar navbar-light bg-transparent">
<div class="border-right-grey nav-inner position-sticky slim-scroll">
<ul class="site-nav-list site-nav-list-root">
<li><div class="site-nav-default-list-item site-nav-list-item-0" onclick="handleSiteNavClick(this)"><a href="/index.html" class="current">Home 🏠</a></div></li>
<li><div class="site-nav-default-list-item site-nav-list-item-0" onclick="handleSiteNavClick(this)"><a href="/contents/topic1.html">Topic 1</a></div></li>
<li><div class="site-nav-default-list-item site-nav-list-item-0" onclick="handleSiteNavClick(this)"><a href="/contents/topic2.html">Topic 2</a></div></li>
<li><div class="site-nav-default-list-item site-nav-list-item-0" onclick="handleSiteNavClick(this)">Topic 3 

<i class="site-nav-dropdown-btn-icon site-nav-rotate-icon" onclick="handleSiteNavClick(this.parentNode, false); event.stopPropagation();">
<span class="glyphicon glyphicon-menu-down" aria-hidden="true"></span>
</i></div><ul class="site-nav-dropdown-container site-nav-dropdown-container-open site-nav-list">
<li><div class="site-nav-default-list-item site-nav-list-item-1" onclick="handleSiteNavClick(this)"><a href="/contents/topic3a.html">Topic 3a</a></div></li>
<li><div class="site-nav-default-list-item site-nav-list-item-1" onclick="handleSiteNavClick(this)"><a href="/contents/topic3b.html">Topic 3b</a></div></li>
</ul></li>
</ul>

</div>
</nav>
<div id="content-wrapper">



\<hello\ cwf="C:\Users\ZeYu\Desktop\markbind\src\template\default\index.md">
</hello\>
</div>
<footer>
  <!-- Support MarkBind by including a link to us on your landing page! -->
  <div class="text-center">
    <small>[Generated by <a href="https://markbind.org/">MarkBind 2.14.1</a>]</small>
  </div>
</footer>

2020-06-26T11:52:22.209Z - info: Website generation (lazy) started at 7:52:22 PM
2020-06-26T11:52:22.258Z - info: Building assets...
2020-06-26T11:52:22.271Z - info: Assets built
2020-06-26T11:52:22.271Z - info: Generating landing page...
2020-06-26T11:52:22.308Z - warn:  SyntaxError: Unmatched selector: ="dark" class="temp-navbar">
    <a slot="brand" href="/index.html" title="Home" class="navbar-brand">Your Logo</a>
    <li><a href="/contents/topic1.html" class="nav-link">Topic 1</a></li>
    <li><a href="/contents/topic2.html" class="nav-link">Topic 2</a></li>
    <div class="nav-link temp-dropdown-placeholder">Topic 3</div><dropdown header="Topic 3" class="nav-link temp-dropdown">
      <li><a href="/contents/topic3a.html" class="dropdown-item">Topic 3a</a></li>
      <li><a href="/contents/topic3b.html" class="dropdown-item">Topic 3b</a></li>
    </dropdown>
    <li slot="right">
      <form class="navbar-form">
        <searchbar :data="searchData" placeholder="Search" :on-hit="searchCallback" menu-align-right=""></searchbar>
      </form>
    </li>
  </navbar>
</header>

<nav id="site-nav" class="navbar navbar-light bg-transparent">
<div class="border-right-grey nav-inner position-sticky slim-scroll">
<ul class="site-nav-list site-nav-list-root">
<li><div class="site-nav-default-list-item site-nav-list-item-0" onclick="handleSiteNavClick(this)"><a href="/index.html" class="current">Home 🏠</a></div></li>
<li><div class="site-nav-default-list-item site-nav-list-item-0" onclick="handleSiteNavClick(this)"><a href="/contents/topic1.html">Topic 1</a></div></li>
<li><div class="site-nav-default-list-item site-nav-list-item-0" onclick="handleSiteNavClick(this)"><a href="/contents/topic2.html">Topic 2</a></div></li>
<li><div class="site-nav-default-list-item site-nav-list-item-0" onclick="handleSiteNavClick(this)">Topic 3 

<i class="site-nav-dropdown-btn-icon site-nav-rotate-icon" onclick="handleSiteNavClick(this.parentNode, false); event.stopPropagation();">
<span class="glyphicon glyphicon-menu-down" aria-hidden="true"></span>
</i></div><ul class="site-nav-dropdown-container site-nav-dropdown-container-open site-nav-list">
<li><div class="site-nav-default-list-item site-nav-list-item-1" onclick="handleSiteNavClick(this)"><a href="/contents/topic3a.html">Topic 3a</a></div></li>
<li><div class="site-nav-default-list-item site-nav-list-item-1" onclick="handleSiteNavClick(this)"><a href="/contents/topic3b.html">Topic 3b</a></div></li>
</ul></li>
</ul>

</div>
</nav>
<div id="content-wrapper">



\<hello\ cwf="C:\Users\ZeYu\Desktop\markbind\src\template\default\index.md">
</hello\>
</div>
<footer>
  <!-- Support MarkBind by including a link to us on your landing page! -->
  <div class="text-center">
    <small>[Generated by <a href="https://markbind.org/">MarkBind 2.14.1</a>]</small>
  </div>
</footer>

    at parse (C:\Users\ZeYu\Desktop\markbind\node_modules\css-what\index.js:85:9)
    at compileUnsafe (C:\Users\ZeYu\Desktop\markbind\node_modules\css-select\lib\compile.js:31:14)
    at select (C:\Users\ZeYu\Desktop\markbind\node_modules\css-select\index.js:18:49)
    at CSSselect (C:\Users\ZeYu\Desktop\markbind\node_modules\css-select\index.js:41:9)
    at render (C:\Users\ZeYu\Desktop\markbind\node_modules\cheerio\lib\static.js:67:11)
    at Function.exports.html (C:\Users\ZeYu\Desktop\markbind\node_modules\cheerio\lib\static.js:94:10)
    at Parser.render (C:\Users\ZeYu\Desktop\markbind\src\lib\markbind\src\parser.js:216:25)
    at C:\Users\ZeYu\Desktop\markbind\src\Page.js:978:34
    at tryCatcher (C:\Users\ZeYu\Desktop\markbind\node_modules\bluebird\js\release\util.js:16:23)
    at Promise._settlePromiseFromHandler (C:\Users\ZeYu\Desktop\markbind\node_modules\bluebird\js\release\promise.js:547:31)
    at Promise._settlePromise (C:\Users\ZeYu\Desktop\markbind\node_modules\bluebird\js\release\promise.js:604:18)
    at Promise._settlePromise0 (C:\Users\ZeYu\Desktop\markbind\node_modules\bluebird\js\release\promise.js:649:10)
    at Promise._settlePromises (C:\Users\ZeYu\Desktop\markbind\node_modules\bluebird\js\release\promise.js:729:18)
    at Promise._fulfill (C:\Users\ZeYu\Desktop\markbind\node_modules\bluebird\js\release\promise.js:673:18)
    at Promise._resolveCallback (C:\Users\ZeYu\Desktop\markbind\node_modules\bluebird\js\release\promise.js:466:57)
    at Promise._settlePromiseFromHandler (C:\Users\ZeYu\Desktop\markbind\node_modules\bluebird\js\release\promise.js:559:17)
2020-06-26T11:52:22.311Z - warn:  SyntaxError: Unmatched selector: ="dark" class="temp-navbar">
    <a slot="brand" href="/index.html" title="Home" class="navbar-brand">Your Logo</a>
    <li><a href="/contents/topic1.html" class="nav-link">Topic 1</a></li>
    <li><a href="/contents/topic2.html" class="nav-link">Topic 2</a></li>
    <div class="nav-link temp-dropdown-placeholder">Topic 3</div><dropdown header="Topic 3" class="nav-link temp-dropdown">
      <li><a href="/contents/topic3a.html" class="dropdown-item">Topic 3a</a></li>
      <li><a href="/contents/topic3b.html" class="dropdown-item">Topic 3b</a></li>
    </dropdown>
    <li slot="right">
      <form class="navbar-form">
        <searchbar :data="searchData" placeholder="Search" :on-hit="searchCallback" menu-align-right=""></searchbar>
      </form>
    </li>
  </navbar>
</header>

<nav id="site-nav" class="navbar navbar-light bg-transparent">
<div class="border-right-grey nav-inner position-sticky slim-scroll">
<ul class="site-nav-list site-nav-list-root">
<li><div class="site-nav-default-list-item site-nav-list-item-0" onclick="handleSiteNavClick(this)"><a href="/index.html" class="current">Home 🏠</a></div></li>
<li><div class="site-nav-default-list-item site-nav-list-item-0" onclick="handleSiteNavClick(this)"><a href="/contents/topic1.html">Topic 1</a></div></li>
<li><div class="site-nav-default-list-item site-nav-list-item-0" onclick="handleSiteNavClick(this)"><a href="/contents/topic2.html">Topic 2</a></div></li>
<li><div class="site-nav-default-list-item site-nav-list-item-0" onclick="handleSiteNavClick(this)">Topic 3 

<i class="site-nav-dropdown-btn-icon site-nav-rotate-icon" onclick="handleSiteNavClick(this.parentNode, false); event.stopPropagation();">
<span class="glyphicon glyphicon-menu-down" aria-hidden="true"></span>
</i></div><ul class="site-nav-dropdown-container site-nav-dropdown-container-open site-nav-list">
<li><div class="site-nav-default-list-item site-nav-list-item-1" onclick="handleSiteNavClick(this)"><a href="/contents/topic3a.html">Topic 3a</a></div></li>
<li><div class="site-nav-default-list-item site-nav-list-item-1" onclick="handleSiteNavClick(this)"><a href="/contents/topic3b.html">Topic 3b</a></div></li>
</ul></li>
</ul>

</div>
</nav>
<div id="content-wrapper">



\<hello\ cwf="C:\Users\ZeYu\Desktop\markbind\src\template\default\index.md">
</hello\>
</div>
<footer>
  <!-- Support MarkBind by including a link to us on your landing page! -->
  <div class="text-center">
    <small>[Generated by <a href="https://markbind.org/">MarkBind 2.14.1</a>]</small>
  </div>
</footer>

    at parse (C:\Users\ZeYu\Desktop\markbind\node_modules\css-what\index.js:85:9)
    at compileUnsafe (C:\Users\ZeYu\Desktop\markbind\node_modules\css-select\lib\compile.js:31:14)
    at select (C:\Users\ZeYu\Desktop\markbind\node_modules\css-select\index.js:18:49)
    at CSSselect (C:\Users\ZeYu\Desktop\markbind\node_modules\css-select\index.js:41:9)
    at render (C:\Users\ZeYu\Desktop\markbind\node_modules\cheerio\lib\static.js:67:11)
    at Function.exports.html (C:\Users\ZeYu\Desktop\markbind\node_modules\cheerio\lib\static.js:94:10)
    at Parser.render (C:\Users\ZeYu\Desktop\markbind\src\lib\markbind\src\parser.js:216:25)
    at C:\Users\ZeYu\Desktop\markbind\src\Page.js:978:34
    at tryCatcher (C:\Users\ZeYu\Desktop\markbind\node_modules\bluebird\js\release\util.js:16:23)
    at Promise._settlePromiseFromHandler (C:\Users\ZeYu\Desktop\markbind\node_modules\bluebird\js\release\promise.js:547:31)
    at Promise._settlePromise (C:\Users\ZeYu\Desktop\markbind\node_modules\bluebird\js\release\promise.js:604:18)
    at Promise._settlePromise0 (C:\Users\ZeYu\Desktop\markbind\node_modules\bluebird\js\release\promise.js:649:10)
    at Promise._settlePromises (C:\Users\ZeYu\Desktop\markbind\node_modules\bluebird\js\release\promise.js:729:18)
    at Promise._fulfill (C:\Users\ZeYu\Desktop\markbind\node_modules\bluebird\js\release\promise.js:673:18)
    at Promise._resolveCallback (C:\Users\ZeYu\Desktop\markbind\node_modules\bluebird\js\release\promise.js:466:57)
    at Promise._settlePromiseFromHandler (C:\Users\ZeYu\Desktop\markbind\node_modules\bluebird\js\release\promise.js:559:17)
2020-06-26T11:52:22.312Z - error: Unmatched selector: ="dark" class="temp-navbar">
    <a slot="brand" href="/index.html" title="Home" class="navbar-brand">Your Logo</a>
    <li><a href="/contents/topic1.html" class="nav-link">Topic 1</a></li>
    <li><a href="/contents/topic2.html" class="nav-link">Topic 2</a></li>
    <div class="nav-link temp-dropdown-placeholder">Topic 3</div><dropdown header="Topic 3" class="nav-link temp-dropdown">
      <li><a href="/contents/topic3a.html" class="dropdown-item">Topic 3a</a></li>
      <li><a href="/contents/topic3b.html" class="dropdown-item">Topic 3b</a></li>
    </dropdown>
    <li slot="right">
      <form class="navbar-form">
        <searchbar :data="searchData" placeholder="Search" :on-hit="searchCallback" menu-align-right=""></searchbar>
      </form>
    </li>
  </navbar>
</header>

<nav id="site-nav" class="navbar navbar-light bg-transparent">
<div class="border-right-grey nav-inner position-sticky slim-scroll">
<ul class="site-nav-list site-nav-list-root">
<li><div class="site-nav-default-list-item site-nav-list-item-0" onclick="handleSiteNavClick(this)"><a href="/index.html" class="current">Home 🏠</a></div></li>
<li><div class="site-nav-default-list-item site-nav-list-item-0" onclick="handleSiteNavClick(this)"><a href="/contents/topic1.html">Topic 1</a></div></li>
<li><div class="site-nav-default-list-item site-nav-list-item-0" onclick="handleSiteNavClick(this)"><a href="/contents/topic2.html">Topic 2</a></div></li>
<li><div class="site-nav-default-list-item site-nav-list-item-0" onclick="handleSiteNavClick(this)">Topic 3 

<i class="site-nav-dropdown-btn-icon site-nav-rotate-icon" onclick="handleSiteNavClick(this.parentNode, false); event.stopPropagation();">
<span class="glyphicon glyphicon-menu-down" aria-hidden="true"></span>
</i></div><ul class="site-nav-dropdown-container site-nav-dropdown-container-open site-nav-list">
<li><div class="site-nav-default-list-item site-nav-list-item-1" onclick="handleSiteNavClick(this)"><a href="/contents/topic3a.html">Topic 3a</a></div></li>
<li><div class="site-nav-default-list-item site-nav-list-item-1" onclick="handleSiteNavClick(this)"><a href="/contents/topic3b.html">Topic 3b</a></div></li>
</ul></li>
</ul>

</div>
</nav>
<div id="content-wrapper">



\<hello\ cwf="C:\Users\ZeYu\Desktop\markbind\src\template\default\index.md">
</hello\>
</div>
<footer>
  <!-- Support MarkBind by including a link to us on your landing page! -->
  <div class="text-center">
    <small>[Generated by <a href="https://markbind.org/">MarkBind 2.14.1</a>]</small>
  </div>
</footer>

2020-06-26T11:53:05.436Z - info: Website generation (lazy) started at 7:53:05 PM
2020-06-26T11:53:05.481Z - info: Building assets...
2020-06-26T11:53:05.497Z - info: Assets built
2020-06-26T11:53:05.497Z - info: Generating landing page...
2020-06-26T11:53:05.570Z - info: Landing page built, other pages will be built as you navigate to them!
2020-06-26T11:53:05.594Z - info: Website generation (lazy) complete! Total build time: 0.161s
2020-06-26T11:53:05.637Z - info: Serving "C:\Users\ZeYu\Desktop\markbind\src\template\default\_site" at http://127.0.0.1:8080
2020-06-26T11:53:05.638Z - info: Press CTRL+C to stop ...
2020-06-26T11:53:05.643Z - info: Site data built
2020-06-26T11:53:25.269Z - info: Website generation (lazy) started at 7:53:25 PM
2020-06-26T11:53:25.322Z - info: Building assets...
2020-06-26T11:53:25.336Z - info: Assets built
2020-06-26T11:53:25.336Z - info: Generating landing page...
2020-06-26T11:53:25.412Z - info: Landing page built, other pages will be built as you navigate to them!
2020-06-26T11:53:25.438Z - info: Website generation (lazy) complete! Total build time: 0.183s
2020-06-26T11:53:25.478Z - info: Serving "C:\Users\ZeYu\Desktop\markbind\src\template\default\_site" at http://127.0.0.1:8080
2020-06-26T11:53:25.478Z - info: Press CTRL+C to stop ...
2020-06-26T11:53:25.484Z - info: Site data built
2020-06-26T12:02:19.777Z - info: Website generation (lazy) started at 8:02:19 PM
2020-06-26T12:02:19.825Z - info: Building assets...
2020-06-26T12:02:19.838Z - info: Assets built
2020-06-26T12:02:19.838Z - info: Generating landing page...
2020-06-26T12:02:19.911Z - info: Landing page built, other pages will be built as you navigate to them!
2020-06-26T12:02:19.935Z - info: Website generation (lazy) complete! Total build time: 0.17s
2020-06-26T12:02:19.976Z - info: Serving "C:\Users\ZeYu\Desktop\markbind\src\template\default\_site" at http://127.0.0.1:8080
2020-06-26T12:02:19.977Z - info: Press CTRL+C to stop ...
2020-06-26T12:02:19.982Z - info: Site data built
2020-06-26T12:03:27.377Z - info: [8:03:27 PM] Reload for file deletion: C:\Users\ZeYu\Desktop\markbind\src\template\default\index.md
2020-06-26T12:03:28.392Z - info: File added or removed, updating list of site's pages...
2020-06-26T12:03:29.407Z - info: Assets removed
2020-06-26T12:03:30.409Z - info: Building C:\Users\ZeYu\Desktop\markbind\src\template\default\index as some of its dependencies were changed since the last visit
2020-06-26T12:03:30.410Z - error:  Error: ENOENT: no such file or directory, open 'C:\Users\ZeYu\Desktop\markbind\src\template\default\index.md'
2020-06-26T12:03:30.411Z - warn:  Error: Failed to rebuild C:\Users\ZeYu\Desktop\markbind\src\template\default\index during lazy loading
    at C:\Users\ZeYu\Desktop\markbind\src\Site.js:745:20
    at tryCatcher (C:\Users\ZeYu\Desktop\markbind\node_modules\bluebird\js\release\util.js:16:23)
    at Promise._settlePromiseFromHandler (C:\Users\ZeYu\Desktop\markbind\node_modules\bluebird\js\release\promise.js:547:31)
    at Promise._settlePromise (C:\Users\ZeYu\Desktop\markbind\node_modules\bluebird\js\release\promise.js:604:18)
    at Promise._settlePromise0 (C:\Users\ZeYu\Desktop\markbind\node_modules\bluebird\js\release\promise.js:649:10)
    at Promise._settlePromises (C:\Users\ZeYu\Desktop\markbind\node_modules\bluebird\js\release\promise.js:725:18)
    at _drainQueueStep (C:\Users\ZeYu\Desktop\markbind\node_modules\bluebird\js\release\async.js:93:12)
    at _drainQueue (C:\Users\ZeYu\Desktop\markbind\node_modules\bluebird\js\release\async.js:86:9)
    at Async._drainQueues (C:\Users\ZeYu\Desktop\markbind\node_modules\bluebird\js\release\async.js:102:5)
    at Immediate.Async.drainQueues [as _onImmediate] (C:\Users\ZeYu\Desktop\markbind\node_modules\bluebird\js\release\async.js:15:14)
    at processImmediate (internal/timers.js:456:21)
2020-06-26T12:03:30.432Z - error: Failed to rebuild C:\Users\ZeYu\Desktop\markbind\src\template\default\index during lazy loading
2020-06-26T12:49:36.989Z - info: [8:49:36 PM] Reload for file add: C:\Users\ZeYu\Desktop\markbind\src\template\default\index.md
2020-06-26T12:49:36.990Z - info: File added or removed, updating list of site's pages...
2020-06-26T12:49:38.003Z - info: Assets removed
2020-06-26T12:49:38.004Z - info: Building C:\Users\ZeYu\Desktop\markbind\src\template\default\index as some of its dependencies were changed since the last visit
2020-06-26T12:49:38.064Z - warn: box attribute 'heading' is deprecated and may be removed in the future. Please use 'header'
2020-06-26T12:49:38.065Z - warn: box attribute 'heading' is deprecated and may be removed in the future. Please use 'header'
2020-06-26T12:49:38.065Z - warn: box attribute 'heading' is deprecated and may be removed in the future. Please use 'header'
2020-06-26T12:49:38.141Z - info: Site data built
2020-06-26T12:49:38.141Z - info: Lazy website regeneration complete! Total build time: 0.137s
2020-06-26T12:49:38.142Z - warn:  Error: Failed to rebuild C:\Users\ZeYu\Desktop\markbind\src\template\default\index during lazy loading
    at C:\Users\ZeYu\Desktop\markbind\src\Site.js:745:20
    at tryCatcher (C:\Users\ZeYu\Desktop\markbind\node_modules\bluebird\js\release\util.js:16:23)
    at Promise._settlePromiseFromHandler (C:\Users\ZeYu\Desktop\markbind\node_modules\bluebird\js\release\promise.js:547:31)
    at Promise._settlePromise (C:\Users\ZeYu\Desktop\markbind\node_modules\bluebird\js\release\promise.js:604:18)
    at Promise._settlePromise0 (C:\Users\ZeYu\Desktop\markbind\node_modules\bluebird\js\release\promise.js:649:10)
    at Promise._settlePromises (C:\Users\ZeYu\Desktop\markbind\node_modules\bluebird\js\release\promise.js:725:18)
    at _drainQueueStep (C:\Users\ZeYu\Desktop\markbind\node_modules\bluebird\js\release\async.js:93:12)
    at _drainQueue (C:\Users\ZeYu\Desktop\markbind\node_modules\bluebird\js\release\async.js:86:9)
    at Async._drainQueues (C:\Users\ZeYu\Desktop\markbind\node_modules\bluebird\js\release\async.js:102:5)
    at Immediate.Async.drainQueues [as _onImmediate] (C:\Users\ZeYu\Desktop\markbind\node_modules\bluebird\js\release\async.js:15:14)
    at processImmediate (internal/timers.js:456:21)
2020-06-26T12:49:38.144Z - error: Failed to rebuild C:\Users\ZeYu\Desktop\markbind\src\template\default\index during lazy loading
