2020-06-21T03:34:31.052Z - info: Website generation started at 11:34:31 AM
2020-06-21T03:34:31.108Z - info: Building assets...
2020-06-21T03:34:31.123Z - info: Assets built
2020-06-21T03:34:31.123Z - info: Generating pages...
2020-06-21T03:34:31.148Z - error:  YAMLException: unexpected end of the stream within a double quoted scalar at line 3, column 1:
    
    ^
    at generateError (C:\Users\ZeYu\Desktop\markbind\node_modules\js-yaml\lib\js-yaml\loader.js:167:10)
    at throwError (C:\Users\ZeYu\Desktop\markbind\node_modules\js-yaml\lib\js-yaml\loader.js:173:9)
    at readDoubleQuotedScalar (C:\Users\ZeYu\Desktop\markbind\node_modules\js-yaml\lib\js-yaml\loader.js:665:3)
    at composeNode (C:\Users\ZeYu\Desktop\markbind\node_modules\js-yaml\lib\js-yaml\loader.js:1365:13)
    at readBlockMapping (C:\Users\ZeYu\Desktop\markbind\node_modules\js-yaml\lib\js-yaml\loader.js:1089:11)
    at composeNode (C:\Users\ZeYu\Desktop\markbind\node_modules\js-yaml\lib\js-yaml\loader.js:1359:12)
    at readDocument (C:\Users\ZeYu\Desktop\markbind\node_modules\js-yaml\lib\js-yaml\loader.js:1519:3)
    at loadDocuments (C:\Users\ZeYu\Desktop\markbind\node_modules\js-yaml\lib\js-yaml\loader.js:1575:5)
    at load (C:\Users\ZeYu\Desktop\markbind\node_modules\js-yaml\lib\js-yaml\loader.js:1596:19)
    at fastmatter (C:\Users\ZeYu\Desktop\markbind\node_modules\fastmatter\index.js:48:37)
    at Page.collectFrontMatter (C:\Users\ZeYu\Desktop\markbind\src\Page.js:533:26)
    at C:\Users\ZeYu\Desktop\markbind\src\Page.js:967:14
    at tryCatcher (C:\Users\ZeYu\Desktop\markbind\node_modules\bluebird\js\release\util.js:16:23)
    at Promise._settlePromiseFromHandler (C:\Users\ZeYu\Desktop\markbind\node_modules\bluebird\js\release\promise.js:547:31)
    at Promise._settlePromise (C:\Users\ZeYu\Desktop\markbind\node_modules\bluebird\js\release\promise.js:604:18)
    at Promise._settlePromise0 (C:\Users\ZeYu\Desktop\markbind\node_modules\bluebird\js\release\promise.js:649:10)
2020-06-21T03:34:31.149Z - warn:  Error: Error while generating C:\Users\ZeYu\Desktop\markbind\src\template\default\index.md
    at C:\Users\ZeYu\Desktop\markbind\src\Site.js:1008:33
    at tryCatcher (C:\Users\ZeYu\Desktop\markbind\node_modules\bluebird\js\release\util.js:16:23)
    at Promise._settlePromiseFromHandler (C:\Users\ZeYu\Desktop\markbind\node_modules\bluebird\js\release\promise.js:547:31)
    at Promise._settlePromise (C:\Users\ZeYu\Desktop\markbind\node_modules\bluebird\js\release\promise.js:604:18)
    at Promise._settlePromise0 (C:\Users\ZeYu\Desktop\markbind\node_modules\bluebird\js\release\promise.js:649:10)
    at Promise._settlePromises (C:\Users\ZeYu\Desktop\markbind\node_modules\bluebird\js\release\promise.js:725:18)
    at _drainQueueStep (C:\Users\ZeYu\Desktop\markbind\node_modules\bluebird\js\release\async.js:93:12)
    at _drainQueue (C:\Users\ZeYu\Desktop\markbind\node_modules\bluebird\js\release\async.js:86:9)
    at Async._drainQueues (C:\Users\ZeYu\Desktop\markbind\node_modules\bluebird\js\release\async.js:102:5)
    at Immediate.Async.drainQueues [as _onImmediate] (C:\Users\ZeYu\Desktop\markbind\node_modules\bluebird\js\release\async.js:15:14)
    at processImmediate (internal/timers.js:456:21)
2020-06-21T03:34:31.394Z - warn:  Error: Error while generating C:\Users\ZeYu\Desktop\markbind\src\template\default\index.md
    at C:\Users\ZeYu\Desktop\markbind\src\Site.js:1008:33
    at tryCatcher (C:\Users\ZeYu\Desktop\markbind\node_modules\bluebird\js\release\util.js:16:23)
    at Promise._settlePromiseFromHandler (C:\Users\ZeYu\Desktop\markbind\node_modules\bluebird\js\release\promise.js:547:31)
    at Promise._settlePromise (C:\Users\ZeYu\Desktop\markbind\node_modules\bluebird\js\release\promise.js:604:18)
    at Promise._settlePromise0 (C:\Users\ZeYu\Desktop\markbind\node_modules\bluebird\js\release\promise.js:649:10)
    at Promise._settlePromises (C:\Users\ZeYu\Desktop\markbind\node_modules\bluebird\js\release\promise.js:725:18)
    at _drainQueueStep (C:\Users\ZeYu\Desktop\markbind\node_modules\bluebird\js\release\async.js:93:12)
    at _drainQueue (C:\Users\ZeYu\Desktop\markbind\node_modules\bluebird\js\release\async.js:86:9)
    at Async._drainQueues (C:\Users\ZeYu\Desktop\markbind\node_modules\bluebird\js\release\async.js:102:5)
    at Immediate.Async.drainQueues [as _onImmediate] (C:\Users\ZeYu\Desktop\markbind\node_modules\bluebird\js\release\async.js:15:14)
    at processImmediate (internal/timers.js:456:21)
2020-06-21T03:34:31.394Z - error: Error while generating C:\Users\ZeYu\Desktop\markbind\src\template\default\index.md
2020-06-21T03:37:14.877Z - info: Website generation (lazy) started at 11:37:14 AM
2020-06-21T03:37:14.922Z - info: Building assets...
2020-06-21T03:37:14.937Z - info: Assets built
2020-06-21T03:37:14.937Z - info: Generating landing page...
2020-06-21T03:37:14.956Z - warn:  YAMLException: unexpected end of the stream within a double quoted scalar at line 3, column 1:
    
    ^
    at generateError (C:\Users\ZeYu\Desktop\markbind\node_modules\js-yaml\lib\js-yaml\loader.js:167:10)
    at throwError (C:\Users\ZeYu\Desktop\markbind\node_modules\js-yaml\lib\js-yaml\loader.js:173:9)
    at readDoubleQuotedScalar (C:\Users\ZeYu\Desktop\markbind\node_modules\js-yaml\lib\js-yaml\loader.js:665:3)
    at composeNode (C:\Users\ZeYu\Desktop\markbind\node_modules\js-yaml\lib\js-yaml\loader.js:1365:13)
    at readBlockMapping (C:\Users\ZeYu\Desktop\markbind\node_modules\js-yaml\lib\js-yaml\loader.js:1089:11)
    at composeNode (C:\Users\ZeYu\Desktop\markbind\node_modules\js-yaml\lib\js-yaml\loader.js:1359:12)
    at readDocument (C:\Users\ZeYu\Desktop\markbind\node_modules\js-yaml\lib\js-yaml\loader.js:1519:3)
    at loadDocuments (C:\Users\ZeYu\Desktop\markbind\node_modules\js-yaml\lib\js-yaml\loader.js:1575:5)
    at load (C:\Users\ZeYu\Desktop\markbind\node_modules\js-yaml\lib\js-yaml\loader.js:1596:19)
    at fastmatter (C:\Users\ZeYu\Desktop\markbind\node_modules\fastmatter\index.js:48:37)
    at Page.collectFrontMatter (C:\Users\ZeYu\Desktop\markbind\src\Page.js:534:26)
    at C:\Users\ZeYu\Desktop\markbind\src\Page.js:968:14
    at tryCatcher (C:\Users\ZeYu\Desktop\markbind\node_modules\bluebird\js\release\util.js:16:23)
    at Promise._settlePromiseFromHandler (C:\Users\ZeYu\Desktop\markbind\node_modules\bluebird\js\release\promise.js:547:31)
    at Promise._settlePromise (C:\Users\ZeYu\Desktop\markbind\node_modules\bluebird\js\release\promise.js:604:18)
    at Promise._settlePromise0 (C:\Users\ZeYu\Desktop\markbind\node_modules\bluebird\js\release\promise.js:649:10)
2020-06-21T03:37:14.958Z - warn:  YAMLException: unexpected end of the stream within a double quoted scalar at line 3, column 1:
    
    ^
    at generateError (C:\Users\ZeYu\Desktop\markbind\node_modules\js-yaml\lib\js-yaml\loader.js:167:10)
    at throwError (C:\Users\ZeYu\Desktop\markbind\node_modules\js-yaml\lib\js-yaml\loader.js:173:9)
    at readDoubleQuotedScalar (C:\Users\ZeYu\Desktop\markbind\node_modules\js-yaml\lib\js-yaml\loader.js:665:3)
    at composeNode (C:\Users\ZeYu\Desktop\markbind\node_modules\js-yaml\lib\js-yaml\loader.js:1365:13)
    at readBlockMapping (C:\Users\ZeYu\Desktop\markbind\node_modules\js-yaml\lib\js-yaml\loader.js:1089:11)
    at composeNode (C:\Users\ZeYu\Desktop\markbind\node_modules\js-yaml\lib\js-yaml\loader.js:1359:12)
    at readDocument (C:\Users\ZeYu\Desktop\markbind\node_modules\js-yaml\lib\js-yaml\loader.js:1519:3)
    at loadDocuments (C:\Users\ZeYu\Desktop\markbind\node_modules\js-yaml\lib\js-yaml\loader.js:1575:5)
    at load (C:\Users\ZeYu\Desktop\markbind\node_modules\js-yaml\lib\js-yaml\loader.js:1596:19)
    at fastmatter (C:\Users\ZeYu\Desktop\markbind\node_modules\fastmatter\index.js:48:37)
    at Page.collectFrontMatter (C:\Users\ZeYu\Desktop\markbind\src\Page.js:534:26)
    at C:\Users\ZeYu\Desktop\markbind\src\Page.js:968:14
    at tryCatcher (C:\Users\ZeYu\Desktop\markbind\node_modules\bluebird\js\release\util.js:16:23)
    at Promise._settlePromiseFromHandler (C:\Users\ZeYu\Desktop\markbind\node_modules\bluebird\js\release\promise.js:547:31)
    at Promise._settlePromise (C:\Users\ZeYu\Desktop\markbind\node_modules\bluebird\js\release\promise.js:604:18)
    at Promise._settlePromise0 (C:\Users\ZeYu\Desktop\markbind\node_modules\bluebird\js\release\promise.js:649:10)
2020-06-21T03:37:14.958Z - error: unexpected end of the stream within a double quoted scalar at line 3, column 1:
    
    ^
2020-06-21T03:38:38.556Z - info: Website generation (lazy) started at 11:38:38 AM
2020-06-21T03:38:38.601Z - info: Building assets...
2020-06-21T03:38:38.615Z - info: Assets built
2020-06-21T03:38:38.616Z - info: Generating landing page...
2020-06-21T03:38:38.694Z - info: Landing page built, other pages will be built as you navigate to them!
2020-06-21T03:38:38.718Z - info: Website generation (lazy) complete! Total build time: 0.165s
2020-06-21T03:38:38.735Z - info: Serving "C:\Users\ZeYu\Desktop\markbind\src\template\default\_site" at http://127.0.0.1:8080
2020-06-21T03:38:38.735Z - info: Press CTRL+C to stop ...
2020-06-21T03:38:38.741Z - info: Site data built
2020-06-21T03:39:02.732Z - info: [11:39:02 AM] Reload for file change: C:\Users\ZeYu\Desktop\markbind\src\template\default\index.md
2020-06-21T03:39:03.736Z - info: Rebuilding affected source files
2020-06-21T03:39:03.737Z - info: Rebuilding 1 pages
2020-06-21T03:39:03.745Z - error:  YAMLException: unexpected end of the stream within a double quoted scalar at line 3, column 1:
    
    ^
    at generateError (C:\Users\ZeYu\Desktop\markbind\node_modules\js-yaml\lib\js-yaml\loader.js:167:10)
    at throwError (C:\Users\ZeYu\Desktop\markbind\node_modules\js-yaml\lib\js-yaml\loader.js:173:9)
    at readDoubleQuotedScalar (C:\Users\ZeYu\Desktop\markbind\node_modules\js-yaml\lib\js-yaml\loader.js:665:3)
    at composeNode (C:\Users\ZeYu\Desktop\markbind\node_modules\js-yaml\lib\js-yaml\loader.js:1365:13)
    at readBlockMapping (C:\Users\ZeYu\Desktop\markbind\node_modules\js-yaml\lib\js-yaml\loader.js:1089:11)
    at composeNode (C:\Users\ZeYu\Desktop\markbind\node_modules\js-yaml\lib\js-yaml\loader.js:1359:12)
    at readDocument (C:\Users\ZeYu\Desktop\markbind\node_modules\js-yaml\lib\js-yaml\loader.js:1519:3)
    at loadDocuments (C:\Users\ZeYu\Desktop\markbind\node_modules\js-yaml\lib\js-yaml\loader.js:1575:5)
    at load (C:\Users\ZeYu\Desktop\markbind\node_modules\js-yaml\lib\js-yaml\loader.js:1596:19)
    at fastmatter (C:\Users\ZeYu\Desktop\markbind\node_modules\fastmatter\index.js:48:37)
    at Page.collectFrontMatter (C:\Users\ZeYu\Desktop\markbind\src\Page.js:534:26)
    at C:\Users\ZeYu\Desktop\markbind\src\Page.js:968:14
    at tryCatcher (C:\Users\ZeYu\Desktop\markbind\node_modules\bluebird\js\release\util.js:16:23)
    at Promise._settlePromiseFromHandler (C:\Users\ZeYu\Desktop\markbind\node_modules\bluebird\js\release\promise.js:547:31)
    at Promise._settlePromise (C:\Users\ZeYu\Desktop\markbind\node_modules\bluebird\js\release\promise.js:604:18)
    at Promise._settlePromise0 (C:\Users\ZeYu\Desktop\markbind\node_modules\bluebird\js\release\promise.js:649:10)
2020-06-21T03:39:03.745Z - warn:  Error: Error while generating C:\Users\ZeYu\Desktop\markbind\src\template\default\index.md
    at C:\Users\ZeYu\Desktop\markbind\src\Site.js:1069:35
    at tryCatcher (C:\Users\ZeYu\Desktop\markbind\node_modules\bluebird\js\release\util.js:16:23)
    at Promise._settlePromiseFromHandler (C:\Users\ZeYu\Desktop\markbind\node_modules\bluebird\js\release\promise.js:547:31)
    at Promise._settlePromise (C:\Users\ZeYu\Desktop\markbind\node_modules\bluebird\js\release\promise.js:604:18)
    at Promise._settlePromise0 (C:\Users\ZeYu\Desktop\markbind\node_modules\bluebird\js\release\promise.js:649:10)
    at Promise._settlePromises (C:\Users\ZeYu\Desktop\markbind\node_modules\bluebird\js\release\promise.js:725:18)
    at _drainQueueStep (C:\Users\ZeYu\Desktop\markbind\node_modules\bluebird\js\release\async.js:93:12)
    at _drainQueue (C:\Users\ZeYu\Desktop\markbind\node_modules\bluebird\js\release\async.js:86:9)
    at Async._drainQueues (C:\Users\ZeYu\Desktop\markbind\node_modules\bluebird\js\release\async.js:102:5)
    at Immediate.Async.drainQueues [as _onImmediate] (C:\Users\ZeYu\Desktop\markbind\node_modules\bluebird\js\release\async.js:15:14)
    at processImmediate (internal/timers.js:456:21)
2020-06-21T03:39:03.765Z - error: Error while generating C:\Users\ZeYu\Desktop\markbind\src\template\default\index.md
2020-06-21T03:39:07.607Z - info: Website generation (lazy) started at 11:39:07 AM
2020-06-21T03:39:07.651Z - info: Building assets...
2020-06-21T03:39:07.665Z - info: Assets built
2020-06-21T03:39:07.665Z - info: Generating landing page...
2020-06-21T03:39:07.686Z - warn:  YAMLException: unexpected end of the stream within a double quoted scalar at line 3, column 1:
    
    ^
    at generateError (C:\Users\ZeYu\Desktop\markbind\node_modules\js-yaml\lib\js-yaml\loader.js:167:10)
    at throwError (C:\Users\ZeYu\Desktop\markbind\node_modules\js-yaml\lib\js-yaml\loader.js:173:9)
    at readDoubleQuotedScalar (C:\Users\ZeYu\Desktop\markbind\node_modules\js-yaml\lib\js-yaml\loader.js:665:3)
    at composeNode (C:\Users\ZeYu\Desktop\markbind\node_modules\js-yaml\lib\js-yaml\loader.js:1365:13)
    at readBlockMapping (C:\Users\ZeYu\Desktop\markbind\node_modules\js-yaml\lib\js-yaml\loader.js:1089:11)
    at composeNode (C:\Users\ZeYu\Desktop\markbind\node_modules\js-yaml\lib\js-yaml\loader.js:1359:12)
    at readDocument (C:\Users\ZeYu\Desktop\markbind\node_modules\js-yaml\lib\js-yaml\loader.js:1519:3)
    at loadDocuments (C:\Users\ZeYu\Desktop\markbind\node_modules\js-yaml\lib\js-yaml\loader.js:1575:5)
    at load (C:\Users\ZeYu\Desktop\markbind\node_modules\js-yaml\lib\js-yaml\loader.js:1596:19)
    at fastmatter (C:\Users\ZeYu\Desktop\markbind\node_modules\fastmatter\index.js:48:37)
    at Page.collectFrontMatter (C:\Users\ZeYu\Desktop\markbind\src\Page.js:534:26)
    at C:\Users\ZeYu\Desktop\markbind\src\Page.js:968:14
    at tryCatcher (C:\Users\ZeYu\Desktop\markbind\node_modules\bluebird\js\release\util.js:16:23)
    at Promise._settlePromiseFromHandler (C:\Users\ZeYu\Desktop\markbind\node_modules\bluebird\js\release\promise.js:547:31)
    at Promise._settlePromise (C:\Users\ZeYu\Desktop\markbind\node_modules\bluebird\js\release\promise.js:604:18)
    at Promise._settlePromise0 (C:\Users\ZeYu\Desktop\markbind\node_modules\bluebird\js\release\promise.js:649:10)
2020-06-21T03:39:07.689Z - warn:  YAMLException: unexpected end of the stream within a double quoted scalar at line 3, column 1:
    
    ^
    at generateError (C:\Users\ZeYu\Desktop\markbind\node_modules\js-yaml\lib\js-yaml\loader.js:167:10)
    at throwError (C:\Users\ZeYu\Desktop\markbind\node_modules\js-yaml\lib\js-yaml\loader.js:173:9)
    at readDoubleQuotedScalar (C:\Users\ZeYu\Desktop\markbind\node_modules\js-yaml\lib\js-yaml\loader.js:665:3)
    at composeNode (C:\Users\ZeYu\Desktop\markbind\node_modules\js-yaml\lib\js-yaml\loader.js:1365:13)
    at readBlockMapping (C:\Users\ZeYu\Desktop\markbind\node_modules\js-yaml\lib\js-yaml\loader.js:1089:11)
    at composeNode (C:\Users\ZeYu\Desktop\markbind\node_modules\js-yaml\lib\js-yaml\loader.js:1359:12)
    at readDocument (C:\Users\ZeYu\Desktop\markbind\node_modules\js-yaml\lib\js-yaml\loader.js:1519:3)
    at loadDocuments (C:\Users\ZeYu\Desktop\markbind\node_modules\js-yaml\lib\js-yaml\loader.js:1575:5)
    at load (C:\Users\ZeYu\Desktop\markbind\node_modules\js-yaml\lib\js-yaml\loader.js:1596:19)
    at fastmatter (C:\Users\ZeYu\Desktop\markbind\node_modules\fastmatter\index.js:48:37)
    at Page.collectFrontMatter (C:\Users\ZeYu\Desktop\markbind\src\Page.js:534:26)
    at C:\Users\ZeYu\Desktop\markbind\src\Page.js:968:14
    at tryCatcher (C:\Users\ZeYu\Desktop\markbind\node_modules\bluebird\js\release\util.js:16:23)
    at Promise._settlePromiseFromHandler (C:\Users\ZeYu\Desktop\markbind\node_modules\bluebird\js\release\promise.js:547:31)
    at Promise._settlePromise (C:\Users\ZeYu\Desktop\markbind\node_modules\bluebird\js\release\promise.js:604:18)
    at Promise._settlePromise0 (C:\Users\ZeYu\Desktop\markbind\node_modules\bluebird\js\release\promise.js:649:10)
2020-06-21T03:39:07.690Z - error: unexpected end of the stream within a double quoted scalar at line 3, column 1:
    
    ^
2020-06-21T03:39:39.627Z - info: Website generation (lazy) started at 11:39:39 AM
2020-06-21T03:39:39.671Z - info: Building assets...
2020-06-21T03:39:39.686Z - info: Assets built
2020-06-21T03:39:39.686Z - info: Generating landing page...
2020-06-21T03:39:39.762Z - info: Landing page built, other pages will be built as you navigate to them!
2020-06-21T03:39:39.782Z - info: Website generation (lazy) complete! Total build time: 0.158s
2020-06-21T03:39:39.798Z - info: Serving "C:\Users\ZeYu\Desktop\markbind\src\template\default\_site" at http://127.0.0.1:8080
2020-06-21T03:39:39.798Z - info: Press CTRL+C to stop ...
2020-06-21T03:39:39.803Z - info: Site data built
2020-06-21T03:39:48.463Z - info: [11:39:48 AM] Reload for file change: C:\Users\ZeYu\Desktop\markbind\src\template\default\index.md
2020-06-21T03:39:49.467Z - info: Rebuilding affected source files
2020-06-21T03:39:49.468Z - info: Rebuilding 1 pages
2020-06-21T03:39:49.510Z - info: Pages rebuilt
2020-06-21T03:39:49.510Z - info: Website regeneration complete! Total build time: 0.043s
2020-06-21T03:39:49.512Z - info: Site data built
2020-06-21T03:39:51.425Z - info: Website generation (lazy) started at 11:39:51 AM
2020-06-21T03:39:51.469Z - info: Building assets...
2020-06-21T03:39:51.484Z - info: Assets built
2020-06-21T03:39:51.484Z - info: Generating landing page...
2020-06-21T03:39:51.563Z - info: Landing page built, other pages will be built as you navigate to them!
2020-06-21T03:39:51.587Z - info: Website generation (lazy) complete! Total build time: 0.176s
2020-06-21T03:39:51.604Z - info: Serving "C:\Users\ZeYu\Desktop\markbind\src\template\default\_site" at http://127.0.0.1:8080
2020-06-21T03:39:51.604Z - info: Press CTRL+C to stop ...
2020-06-21T03:39:51.609Z - info: Site data built
