2020-07-31T10:02:56.280Z - info: Website generation started at 6:02:56 PM
2020-07-31T10:02:56.330Z - info: Building assets...
2020-07-31T10:02:56.344Z - info: Assets built
2020-07-31T10:02:56.344Z - info: Generating pages...
2020-07-31T10:02:56.569Z - info: Pages built
2020-07-31T10:02:56.616Z - info: Website generation complete! Total build time: 0.342s
2020-07-31T10:02:56.631Z - info: Serving "C:\Users\ZeYu\Desktop\markbind\packages\core\template\default\_site" at http://127.0.0.1:8080
2020-07-31T10:02:56.631Z - info: Press CTRL+C to stop ...
2020-07-31T10:02:56.636Z - info: Site data built
2020-07-31T10:03:45.942Z - info: [6:03:45 PM] Reload for file change: C:\Users\ZeYu\Desktop\markbind\packages\core\template\default\index.md
2020-07-31T10:03:46.950Z - info: Rebuilding 1 pages
2020-07-31T10:03:47.097Z - info: Pages rebuilt
2020-07-31T10:03:47.097Z - info: Website regeneration complete! Total build time: 0.148s
2020-07-31T10:03:47.101Z - info: Site data built
2020-07-31T10:04:09.754Z - info: [6:04:09 PM] Reload for file change: C:\Users\ZeYu\Desktop\markbind\packages\core\template\default\index.md
2020-07-31T10:04:10.758Z - info: Rebuilding 1 pages
2020-07-31T10:04:10.851Z - info: Pages rebuilt
2020-07-31T10:04:10.851Z - info: Website regeneration complete! Total build time: 0.093s
2020-07-31T10:04:10.853Z - info: Site data built
2020-07-31T10:04:27.518Z - info: [6:04:27 PM] Reload for file change: C:\Users\ZeYu\Desktop\markbind\packages\core\template\default\index.md
2020-07-31T10:04:28.534Z - info: Rebuilding 1 pages
2020-07-31T10:04:28.631Z - info: Pages rebuilt
2020-07-31T10:04:28.631Z - info: Website regeneration complete! Total build time: 0.098s
2020-07-31T10:04:28.633Z - info: Site data built
2020-07-31T10:04:43.247Z - info: [6:04:43 PM] Reload for file change: C:\Users\ZeYu\Desktop\markbind\packages\core\template\default\index.md
2020-07-31T10:04:44.252Z - info: Rebuilding 1 pages
2020-07-31T10:04:44.337Z - info: Pages rebuilt
2020-07-31T10:04:44.337Z - info: Website regeneration complete! Total build time: 0.085s
2020-07-31T10:04:44.339Z - info: Site data built
2020-07-31T10:04:59.472Z - info: [6:04:59 PM] Reload for file change: C:\Users\ZeYu\Desktop\markbind\packages\core\template\default\contents\topic2.md
2020-07-31T10:05:00.481Z - info: Rebuilding 2 pages
2020-07-31T10:05:00.586Z - info: Pages rebuilt
2020-07-31T10:05:00.586Z - info: Website regeneration complete! Total build time: 0.107s
2020-07-31T10:05:00.589Z - info: Site data built
2020-07-31T10:05:03.537Z - info: [6:05:03 PM] Reload for file change: C:\Users\ZeYu\Desktop\markbind\packages\core\template\default\contents\topic2.md
2020-07-31T10:05:04.540Z - info: Rebuilding 2 pages
2020-07-31T10:05:04.667Z - info: Pages rebuilt
2020-07-31T10:05:04.667Z - info: Website regeneration complete! Total build time: 0.129s
2020-07-31T10:05:04.669Z - info: Site data built
2020-07-31T10:05:11.428Z - info: [6:05:11 PM] Reload for file change: C:\Users\ZeYu\Desktop\markbind\packages\core\template\default\contents\topic2.md
2020-07-31T10:05:12.437Z - info: Rebuilding 2 pages
2020-07-31T10:05:12.535Z - info: Pages rebuilt
2020-07-31T10:05:12.535Z - info: Website regeneration complete! Total build time: 0.098s
2020-07-31T10:05:12.537Z - info: Site data built
2020-07-31T10:05:36.310Z - info: [6:05:36 PM] Reload for file change: C:\Users\ZeYu\Desktop\markbind\packages\core\template\default\contents\topic2.md
2020-07-31T10:05:37.320Z - info: Rebuilding 2 pages
2020-07-31T10:05:37.416Z - info: Pages rebuilt
2020-07-31T10:05:37.416Z - info: Website regeneration complete! Total build time: 0.097s
2020-07-31T10:05:37.418Z - info: Site data built
2020-07-31T10:33:31.112Z - info: Website generation started at 6:33:31 PM
2020-07-31T10:33:31.163Z - info: Building assets...
2020-07-31T10:33:31.178Z - info: Assets built
2020-07-31T10:33:31.178Z - info: Generating pages...
2020-07-31T10:33:31.395Z - info: Pages built
2020-07-31T10:33:31.440Z - info: Website generation complete! Total build time: 0.334s
2020-07-31T10:33:31.456Z - info: Serving "C:\Users\ZeYu\Desktop\markbind\packages\core\template\default\_site" at http://127.0.0.1:8080
2020-07-31T10:33:31.456Z - info: Press CTRL+C to stop ...
2020-07-31T10:33:31.462Z - info: Site data built
