2020-06-27T13:37:43.995Z - info: Website generation (lazy) started at 9:37:43 PM
2020-06-27T13:37:44.040Z - info: Building assets...
2020-06-27T13:37:44.053Z - info: Assets built
2020-06-27T13:37:44.053Z - info: Generating landing page...
2020-06-27T13:37:44.119Z - info: Landing page built, other pages will be built as you navigate to them!
2020-06-27T13:37:44.141Z - info: Website generation (lazy) complete! Total build time: 0.149s
2020-06-27T13:37:44.157Z - info: Serving "C:\Users\ZeYu\Desktop\markbind\src\template\default\_site" at http://127.0.0.1:8080
2020-06-27T13:37:44.157Z - info: Press CTRL+C to stop ...
2020-06-27T13:37:44.162Z - info: Site data built
2020-06-27T13:39:52.108Z - info: [9:39:52 PM] Reload for file change: C:\Users\ZeYu\Desktop\markbind\src\template\default\index.md
2020-06-27T13:39:53.115Z - info: Rebuilding affected source files
2020-06-27T13:39:53.116Z - info: Rebuilding 1 pages
2020-06-27T13:39:53.163Z - info: Pages rebuilt
2020-06-27T13:39:53.163Z - info: Website regeneration complete! Total build time: 0.048s
2020-06-27T13:39:53.165Z - info: Site data built
2020-06-27T13:40:01.564Z - info: [9:40:01 PM] Reload for file change: C:\Users\ZeYu\Desktop\markbind\src\template\default\index.md
2020-06-27T13:40:02.571Z - info: Rebuilding affected source files
2020-06-27T13:40:02.572Z - info: Rebuilding 1 pages
2020-06-27T13:40:02.609Z - info: Pages rebuilt
2020-06-27T13:40:02.609Z - info: Website regeneration complete! Total build time: 0.038s
2020-06-27T13:40:02.611Z - info: Site data built
